<?xml version="1.0" encoding="UTF-8"?>
<!-- Generated by org.testng.reporters.JUnitXMLReporter -->
<testsuite ignored="0" hostname="Annapurna" failures="3" tests="13" name="Surefire test" time="43.262" errors="0" timestamp="2024-07-22T10:48:46 IST">
  <testcase classname="nopcommerce.ProductTest" name="clicklogin" time="1.195"/>
  <testcase classname="nopcommerce.ProductTest" name="clickCatalog" time="0.795"/>
  <testcase classname="nopcommerce.ProductTest" name="product" time="0.65"/>
  <testcase classname="nopcommerce.ProductTest" name="clickProArrow" time="0.539"/>
  <testcase classname="nopcommerce.ProductTest" name="EnterName" time="32.07">
    <failure type="org.openqa.selenium.ElementNotInteractableException" message="element not interactable
  (Session info: chrome=126.0.6478.182)
Build info: version: &amp;apos;4.21.0&amp;apos;, revision: &amp;apos;79ed462ef4&amp;apos;
System info: os.name: &amp;apos;Windows 11&amp;apos;, os.arch: &amp;apos;amd64&amp;apos;, os.version: &amp;apos;10.0&amp;apos;, java.version: &amp;apos;17.0.11&amp;apos;
Driver info: org.openqa.selenium.chrome.ChromeDriver
Command: [0ca3d89dd71d3c38dce7c0ede1cbf223, sendKeysToElement {id=f.45338432087DD25611F91CFFA2527625.d.15B4D8DA09B59D54612365B725073D41.e.53, value=[Ljava.lang.CharSequence;@47605f2f}]
Capabilities {acceptInsecureCerts: false, browserName: chrome, browserVersion: 126.0.6478.182, chrome: {chromedriverVersion: 126.0.6478.182 (5b5d8292ddf..., userDataDir: C:\Users\HP\AppData\Local\T...}, fedcm:accounts: true, goog:chromeOptions: {debuggerAddress: localhost:65188}, networkConnectionEnabled: false, pageLoadStrategy: normal, platformName: windows, proxy: Proxy(), se:cdp: ws://localhost:65188/devtoo..., se:cdpVersion: 126.0.6478.182, setWindowRect: true, strictFileInteractability: false, timeouts: {implicit: 0, pageLoad: 300000, script: 30000}, unhandledPromptBehavior: dismiss and notify, webauthn:extension:credBlob: true, webauthn:extension:largeBlob: true, webauthn:extension:minPinLength: true, webauthn:extension:prf: true, webauthn:virtualAuthenticators: true}
Element: [[ChromeDriver: chrome on windows (0ca3d89dd71d3c38dce7c0ede1cbf223)] -&amp;gt; xpath: //input[@id=&amp;apos;SearchProductName&amp;apos;]]
Session ID: 0ca3d89dd71d3c38dce7c0ede1cbf223">
      <![CDATA[org.openqa.selenium.ElementNotInteractableException: element not interactable
  (Session info: chrome=126.0.6478.182)
Build info: version: '4.21.0', revision: '79ed462ef4'
System info: os.name: 'Windows 11', os.arch: 'amd64', os.version: '10.0', java.version: '17.0.11'
Driver info: org.openqa.selenium.chrome.ChromeDriver
Command: [0ca3d89dd71d3c38dce7c0ede1cbf223, sendKeysToElement {id=f.45338432087DD25611F91CFFA2527625.d.15B4D8DA09B59D54612365B725073D41.e.53, value=[Ljava.lang.CharSequence;@47605f2f}]
Capabilities {acceptInsecureCerts: false, browserName: chrome, browserVersion: 126.0.6478.182, chrome: {chromedriverVersion: 126.0.6478.182 (5b5d8292ddf..., userDataDir: C:\Users\HP\AppData\Local\T...}, fedcm:accounts: true, goog:chromeOptions: {debuggerAddress: localhost:65188}, networkConnectionEnabled: false, pageLoadStrategy: normal, platformName: windows, proxy: Proxy(), se:cdp: ws://localhost:65188/devtoo..., se:cdpVersion: 126.0.6478.182, setWindowRect: true, strictFileInteractability: false, timeouts: {implicit: 0, pageLoad: 300000, script: 30000}, unhandledPromptBehavior: dismiss and notify, webauthn:extension:credBlob: true, webauthn:extension:largeBlob: true, webauthn:extension:minPinLength: true, webauthn:extension:prf: true, webauthn:virtualAuthenticators: true}
Element: [[ChromeDriver: chrome on windows (0ca3d89dd71d3c38dce7c0ede1cbf223)] -> xpath: //input[@id='SearchProductName']]
Session ID: 0ca3d89dd71d3c38dce7c0ede1cbf223
at org.openqa.selenium.remote.ErrorCodec.decode(ErrorCodec.java:167)
at org.openqa.selenium.remote.codec.w3c.W3CHttpResponseCodec.decode(W3CHttpResponseCodec.java:138)
at org.openqa.selenium.remote.codec.w3c.W3CHttpResponseCodec.decode(W3CHttpResponseCodec.java:50)
at org.openqa.selenium.remote.HttpCommandExecutor.execute(HttpCommandExecutor.java:190)
at org.openqa.selenium.remote.service.DriverCommandExecutor.invokeExecute(DriverCommandExecutor.java:216)
at org.openqa.selenium.remote.service.DriverCommandExecutor.execute(DriverCommandExecutor.java:174)
at org.openqa.selenium.remote.RemoteWebDriver.execute(RemoteWebDriver.java:518)
at org.openqa.selenium.remote.RemoteWebElement.execute(RemoteWebElement.java:223)
at org.openqa.selenium.remote.RemoteWebElement.sendKeys(RemoteWebElement.java:110)
at org.openqa.selenium.support.pagefactory.internal.LocatingElementHandler.invoke(LocatingElementHandler.java:51)
at jdk.proxy2/jdk.proxy2.$Proxy9.sendKeys(Unknown Source)
at nopcommerce.Productpage.EnterName(Productpage.java:47)
at nopcommerce.ProductTest.EnterName(ProductTest.java:65)
at java.base/java.util.ArrayList.forEach(ArrayList.java:1511)
... Removed 41 stack frames]]>
    </failure>
  </testcase> <!-- EnterName -->
  <testcase classname="nopcommerce.ProductTest" name="AddPRoduct" time="0.849"/>
  <testcase classname="nopcommerce.ProductTest" name="AddNewProduct" time="1.115"/>
  <testcase classname="nopcommerce.ProductTest" name="Save" time="1.198"/>
  <testcase classname="nopcommerce.ProductTest" name="GetText" time="0.897"/>
  <testcase classname="nopcommerce.Test1" name="testcase1" time="0.0"/>
  <testcase classname="nopcommerce.Test1" name="testcase2" time="0.005">
    <failure type="java.lang.AssertionError" message="expected [true] but found [false]">
      <![CDATA[java.lang.AssertionError: expected [true] but found [false]
at nopcommerce.Test1.testcase2(Test1.java:16)
at java.base/java.util.ArrayList.forEach(ArrayList.java:1511)
... Removed 36 stack frames]]>
    </failure>
  </testcase> <!-- testcase2 -->
  <testcase classname="nopcommerce.Test2" name="testcase3" time="0.001"/>
  <testcase classname="nopcommerce.Test2" name="testcase4" time="0.001">
    <failure type="java.lang.AssertionError" message="expected [true] but found [false]">
      <![CDATA[java.lang.AssertionError: expected [true] but found [false]
at nopcommerce.Test2.testcase4(Test2.java:16)
at java.base/java.util.ArrayList.forEach(ArrayList.java:1511)
... Removed 36 stack frames]]>
    </failure>
  </testcase> <!-- testcase4 -->
</testsuite> <!-- Surefire test -->
